# JRE version: OpenJDK Runtime Environment 18.9 (11.0.11+9) (build 11.0.11+9-LTS)
# Java VM: OpenJDK 64-Bit Server VM 18.9 (11.0.11+9-LTS, mixed mode, tiered, compressed oops, g1 gc, windows-amd64)
Heap:
 garbage-first heap   total 131072K, used 79399K [0x0000000081c00000, 0x0000000100000000)
  region size 1024K, 18 young (18432K), 5 survivors (5120K)
 Metaspace       used 74332K, capacity 76495K, committed 76672K, reserved 1116160K
  class space    used 9663K, capacity 10585K, committed 10624K, reserved 1048576K
GC Heap History (20 events):
Event: 25.529 GC heap before
{Heap before GC invocations=12 (full 0):
 garbage-first heap   total 131072K, used 110433K [0x0000000081c00000, 0x0000000100000000)
  region size 1024K, 55 young (56320K), 6 survivors (6144K)
 Metaspace       used 52258K, capacity 53823K, committed 54144K, reserved 1095680K
  class space    used 6806K, capacity 7449K, committed 7552K, reserved 1048576K
}
Event: 25.548 GC heap after
{Heap after GC invocations=13 (full 0):
 garbage-first heap   total 131072K, used 61225K [0x0000000081c00000, 0x0000000100000000)
  region size 1024K, 5 young (5120K), 5 survivors (5120K)
 Metaspace       used 52258K, capacity 53823K, committed 54144K, reserved 1095680K
  class space    used 6806K, capacity 7449K, committed 7552K, reserved 1048576K
}
Event: 27.602 GC heap before
{Heap before GC invocations=13 (full 0):
 garbage-first heap   total 131072K, used 110377K [0x0000000081c00000, 0x0000000100000000)
  region size 1024K, 53 young (54272K), 5 survivors (5120K)
 Metaspace       used 55358K, capacity 56918K, committed 57088K, reserved 1097728K
  class space    used 7197K, capacity 7840K, committed 7936K, reserved 1048576K
}
Event: 27.616 GC heap after
{Heap after GC invocations=14 (full 0):
 garbage-first heap   total 131072K, used 62440K [0x0000000081c00000, 0x0000000100000000)
  region size 1024K, 4 young (4096K), 4 survivors (4096K)
 Metaspace       used 55358K, capacity 56918K, committed 57088K, reserved 1097728K
  class space    used 7197K, capacity 7840K, committed 7936K, reserved 1048576K
}
Event: 29.049 GC heap before
{Heap before GC invocations=14 (full 0):
 garbage-first heap   total 131072K, used 111592K [0x0000000081c00000, 0x0000000100000000)
  region size 1024K, 53 young (54272K), 4 survivors (4096K)
 Metaspace       used 58479K, capacity 60022K, committed 60160K, reserved 1101824K
  class space    used 7700K, capacity 8361K, committed 8448K, reserved 1048576K
}
Event: 29.066 GC heap after
{Heap after GC invocations=15 (full 0):
 garbage-first heap   total 131072K, used 62798K [0x0000000081c00000, 0x0000000100000000)
  region size 1024K, 5 young (5120K), 5 survivors (5120K)
 Metaspace       used 58479K, capacity 60022K, committed 60160K, reserved 1101824K
  class space    used 7700K, capacity 8361K, committed 8448K, reserved 1048576K
}
Event: 30.618 GC heap before
{Heap before GC invocations=16 (full 0):
 garbage-first heap   total 131072K, used 111950K [0x0000000081c00000, 0x0000000100000000)
  region size 1024K, 53 young (54272K), 5 survivors (5120K)
 Metaspace       used 61496K, capacity 63148K, committed 63360K, reserved 1103872K
  class space    used 8123K, capacity 8807K, committed 8832K, reserved 1048576K
}
Event: 30.635 GC heap after
{Heap after GC invocations=17 (full 0):
 garbage-first heap   total 131072K, used 63819K [0x0000000081c00000, 0x0000000100000000)
  region size 1024K, 4 young (4096K), 4 survivors (4096K)
 Metaspace       used 61496K, capacity 63148K, committed 63360K, reserved 1103872K
  class space    used 8123K, capacity 8807K, committed 8832K, reserved 1048576K
}
Event: 32.699 GC heap before
{Heap before GC invocations=17 (full 0):
 garbage-first heap   total 131072K, used 112971K [0x0000000081c00000, 0x0000000100000000)
  region size 1024K, 52 young (53248K), 4 survivors (4096K)
 Metaspace       used 65194K, capacity 67028K, committed 67328K, reserved 1107968K
  class space    used 8636K, capacity 9393K, committed 9472K, reserved 1048576K
}
Event: 32.717 GC heap after
{Heap after GC invocations=18 (full 0):
 garbage-first heap   total 131072K, used 65275K [0x0000000081c00000, 0x0000000100000000)
  region size 1024K, 5 young (5120K), 5 survivors (5120K)
 Metaspace       used 65194K, capacity 67028K, committed 67328K, reserved 1107968K
  class space    used 8636K, capacity 9393K, committed 9472K, reserved 1048576K
}
Event: 34.738 GC heap before
{Heap before GC invocations=19 (full 0):
 garbage-first heap   total 131072K, used 112379K [0x0000000081c00000, 0x0000000100000000)
  region size 1024K, 51 young (52224K), 5 survivors (5120K)
 Metaspace       used 66929K, capacity 68865K, committed 69120K, reserved 1107968K
  class space    used 8848K, capacity 9664K, committed 9728K, reserved 1048576K
}
Event: 34.757 GC heap after
{Heap after GC invocations=20 (full 0):
 garbage-first heap   total 131072K, used 65711K [0x0000000081c00000, 0x0000000100000000)
  region size 1024K, 4 young (4096K), 4 survivors (4096K)
 Metaspace       used 66929K, capacity 68865K, committed 69120K, reserved 1107968K
  class space    used 8848K, capacity 9664K, committed 9728K, reserved 1048576K
}
Event: 35.179 GC heap before
{Heap before GC invocations=20 (full 0):
 garbage-first heap   total 131072K, used 112815K [0x0000000081c00000, 0x0000000100000000)
  region size 1024K, 50 young (51200K), 4 survivors (4096K)
 Metaspace       used 66956K, capacity 68865K, committed 69120K, reserved 1107968K
  class space    used 8848K, capacity 9664K, committed 9728K, reserved 1048576K
}
Event: 35.196 GC heap after
{Heap after GC invocations=21 (full 0):
 garbage-first heap   total 131072K, used 65580K [0x0000000081c00000, 0x0000000100000000)
  region size 1024K, 4 young (4096K), 4 survivors (4096K)
 Metaspace       used 66956K, capacity 68865K, committed 69120K, reserved 1107968K
  class space    used 8848K, capacity 9664K, committed 9728K, reserved 1048576K
}
Event: 37.971 GC heap before
{Heap before GC invocations=22 (full 0):
 garbage-first heap   total 131072K, used 112684K [0x0000000081c00000, 0x0000000100000000)
  region size 1024K, 50 young (51200K), 4 survivors (4096K)
 Metaspace       used 67326K, capacity 69337K, committed 69376K, reserved 1110016K
  class space    used 8880K, capacity 9694K, committed 9728K, reserved 1048576K
}
Event: 37.994 GC heap after
{Heap after GC invocations=23 (full 0):
 garbage-first heap   total 131072K, used 65707K [0x0000000081c00000, 0x0000000100000000)
  region size 1024K, 4 young (4096K), 4 survivors (4096K)
 Metaspace       used 67326K, capacity 69337K, committed 69376K, reserved 1110016K
  class space    used 8880K, capacity 9694K, committed 9728K, reserved 1048576K
}
Event: 42.144 GC heap before
{Heap before GC invocations=23 (full 0):
 garbage-first heap   total 131072K, used 112811K [0x0000000081c00000, 0x0000000100000000)
  region size 1024K, 50 young (51200K), 4 survivors (4096K)
 Metaspace       used 68052K, capacity 69995K, committed 70272K, reserved 1110016K
  class space    used 8945K, capacity 9761K, committed 9856K, reserved 1048576K
}
Event: 42.162 GC heap after
{Heap after GC invocations=24 (full 0):
 garbage-first heap   total 131072K, used 65707K [0x0000000081c00000, 0x0000000100000000)
  region size 1024K, 4 young (4096K), 4 survivors (4096K)
 Metaspace       used 68052K, capacity 69995K, committed 70272K, reserved 1110016K
  class space    used 8945K, capacity 9761K, committed 9856K, reserved 1048576K
}
Event: 44.111 GC heap before
{Heap before GC invocations=25 (full 0):
 garbage-first heap   total 131072K, used 111787K [0x0000000081c00000, 0x0000000100000000)
  region size 1024K, 50 young (51200K), 4 survivors (4096K)
 Metaspace       used 71404K, capacity 73408K, committed 73728K, reserved 1112064K
  class space    used 9316K, capacity 10146K, committed 10240K, reserved 1048576K
}
Event: 44.128 GC heap after
{Heap after GC invocations=26 (full 0):
 garbage-first heap   total 131072K, used 67111K [0x0000000081c00000, 0x0000000100000000)
  region size 1024K, 5 young (5120K), 5 survivors (5120K)
 Metaspace       used 71404K, capacity 73408K, committed 73728K, reserved 1112064K
  class space    used 9316K, capacity 10146K, committed 10240K, reserved 1048576K
}

