# JRE version: OpenJDK Runtime Environment 18.9 (11.0.11+9) (build 11.0.11+9-LTS)
# Java VM: OpenJDK 64-Bit Server VM 18.9 (11.0.11+9-LTS, mixed mode, tiered, compressed oops, g1 gc, windows-amd64)
Heap:
 garbage-first heap   total 131072K, used 76958K [0x0000000081c00000, 0x0000000100000000)
  region size 1024K, 15 young (15360K), 5 survivors (5120K)
 Metaspace       used 77506K, capacity 79746K, committed 79872K, reserved 1118208K
  class space    used 10044K, capacity 10985K, committed 11008K, reserved 1048576K
GC Heap History (20 events):
Event: 29.946 GC heap before
{Heap before GC invocations=16 (full 0):
 garbage-first heap   total 131072K, used 111495K [0x0000000081c00000, 0x0000000100000000)
  region size 1024K, 52 young (53248K), 4 survivors (4096K)
 Metaspace       used 58273K, capacity 59866K, committed 60160K, reserved 1101824K
  class space    used 7666K, capacity 8329K, committed 8448K, reserved 1048576K
}
Event: 29.962 GC heap after
{Heap after GC invocations=17 (full 0):
 garbage-first heap   total 131072K, used 62979K [0x0000000081c00000, 0x0000000100000000)
  region size 1024K, 5 young (5120K), 5 survivors (5120K)
 Metaspace       used 58273K, capacity 59866K, committed 60160K, reserved 1101824K
  class space    used 7666K, capacity 8329K, committed 8448K, reserved 1048576K
}
Event: 31.462 GC heap before
{Heap before GC invocations=18 (full 0):
 garbage-first heap   total 131072K, used 111107K [0x0000000081c00000, 0x0000000100000000)
  region size 1024K, 52 young (53248K), 5 survivors (5120K)
 Metaspace       used 60505K, capacity 62065K, committed 62208K, reserved 1103872K
  class space    used 7997K, capacity 8635K, committed 8704K, reserved 1048576K
}
Event: 31.481 GC heap after
{Heap after GC invocations=19 (full 0):
 garbage-first heap   total 131072K, used 63783K [0x0000000081c00000, 0x0000000100000000)
  region size 1024K, 4 young (4096K), 4 survivors (4096K)
 Metaspace       used 60505K, capacity 62065K, committed 62208K, reserved 1103872K
  class space    used 7997K, capacity 8635K, committed 8704K, reserved 1048576K
}
Event: 33.619 GC heap before
{Heap before GC invocations=20 (full 0):
 garbage-first heap   total 131072K, used 112935K [0x0000000081c00000, 0x0000000100000000)
  region size 1024K, 52 young (53248K), 4 survivors (4096K)
 Metaspace       used 64146K, capacity 65992K, committed 66176K, reserved 1105920K
  class space    used 8488K, capacity 9240K, committed 9344K, reserved 1048576K
}
Event: 33.634 GC heap after
{Heap after GC invocations=21 (full 0):
 garbage-first heap   total 131072K, used 64907K [0x0000000081c00000, 0x0000000100000000)
  region size 1024K, 5 young (5120K), 5 survivors (5120K)
 Metaspace       used 64146K, capacity 65992K, committed 66176K, reserved 1105920K
  class space    used 8488K, capacity 9240K, committed 9344K, reserved 1048576K
}
Event: 36.617 GC heap before
{Heap before GC invocations=21 (full 0):
 garbage-first heap   total 131072K, used 110987K [0x0000000081c00000, 0x0000000100000000)
  region size 1024K, 51 young (52224K), 5 survivors (5120K)
 Metaspace       used 67172K, capacity 69096K, committed 69376K, reserved 1110016K
  class space    used 8859K, capacity 9677K, committed 9728K, reserved 1048576K
}
Event: 36.637 GC heap after
{Heap after GC invocations=22 (full 0):
 garbage-first heap   total 131072K, used 65979K [0x0000000081c00000, 0x0000000100000000)
  region size 1024K, 4 young (4096K), 4 survivors (4096K)
 Metaspace       used 67172K, capacity 69096K, committed 69376K, reserved 1110016K
  class space    used 8859K, capacity 9677K, committed 9728K, reserved 1048576K
}
Event: 37.488 GC heap before
{Heap before GC invocations=23 (full 0):
 garbage-first heap   total 131072K, used 113083K [0x0000000081c00000, 0x0000000100000000)
  region size 1024K, 50 young (51200K), 4 survivors (4096K)
 Metaspace       used 67228K, capacity 69164K, committed 69376K, reserved 1110016K
  class space    used 8863K, capacity 9678K, committed 9728K, reserved 1048576K
}
Event: 37.507 GC heap after
{Heap after GC invocations=24 (full 0):
 garbage-first heap   total 131072K, used 65709K [0x0000000081c00000, 0x0000000100000000)
  region size 1024K, 4 young (4096K), 4 survivors (4096K)
 Metaspace       used 67228K, capacity 69164K, committed 69376K, reserved 1110016K
  class space    used 8863K, capacity 9678K, committed 9728K, reserved 1048576K
}
Event: 41.373 GC heap before
{Heap before GC invocations=24 (full 0):
 garbage-first heap   total 131072K, used 112813K [0x0000000081c00000, 0x0000000100000000)
  region size 1024K, 50 young (51200K), 4 survivors (4096K)
 Metaspace       used 67500K, capacity 69441K, committed 69632K, reserved 1110016K
  class space    used 8886K, capacity 9705K, committed 9728K, reserved 1048576K
}
Event: 41.389 GC heap after
{Heap after GC invocations=25 (full 0):
 garbage-first heap   total 131072K, used 65839K [0x0000000081c00000, 0x0000000100000000)
  region size 1024K, 4 young (4096K), 4 survivors (4096K)
 Metaspace       used 67500K, capacity 69441K, committed 69632K, reserved 1110016K
  class space    used 8886K, capacity 9705K, committed 9728K, reserved 1048576K
}
Event: 46.309 GC heap before
{Heap before GC invocations=26 (full 0):
 garbage-first heap   total 131072K, used 112943K [0x0000000081c00000, 0x0000000100000000)
  region size 1024K, 50 young (51200K), 4 survivors (4096K)
 Metaspace       used 67640K, capacity 69574K, committed 69632K, reserved 1110016K
  class space    used 8889K, capacity 9706K, committed 9728K, reserved 1048576K
}
Event: 46.329 GC heap after
{Heap after GC invocations=27 (full 0):
 garbage-first heap   total 131072K, used 65669K [0x0000000081c00000, 0x0000000100000000)
  region size 1024K, 4 young (4096K), 4 survivors (4096K)
 Metaspace       used 67640K, capacity 69574K, committed 69632K, reserved 1110016K
  class space    used 8889K, capacity 9706K, committed 9728K, reserved 1048576K
}
Event: 51.229 GC heap before
{Heap before GC invocations=27 (full 0):
 garbage-first heap   total 131072K, used 112773K [0x0000000081c00000, 0x0000000100000000)
  region size 1024K, 50 young (51200K), 4 survivors (4096K)
 Metaspace       used 67721K, capacity 69640K, committed 69888K, reserved 1110016K
  class space    used 8890K, capacity 9706K, committed 9728K, reserved 1048576K
}
Event: 51.252 GC heap after
{Heap after GC invocations=28 (full 0):
 garbage-first heap   total 131072K, used 65841K [0x0000000081c00000, 0x0000000100000000)
  region size 1024K, 4 young (4096K), 4 survivors (4096K)
 Metaspace       used 67721K, capacity 69640K, committed 69888K, reserved 1110016K
  class space    used 8890K, capacity 9706K, committed 9728K, reserved 1048576K
}
Event: 54.516 GC heap before
{Heap before GC invocations=29 (full 0):
 garbage-first heap   total 131072K, used 111921K [0x0000000081c00000, 0x0000000100000000)
  region size 1024K, 50 young (51200K), 4 survivors (4096K)
 Metaspace       used 68951K, capacity 70873K, committed 71040K, reserved 1110016K
  class space    used 9028K, capacity 9837K, committed 9856K, reserved 1048576K
}
Event: 54.533 GC heap after
{Heap after GC invocations=30 (full 0):
 garbage-first heap   total 131072K, used 66188K [0x0000000081c00000, 0x0000000100000000)
  region size 1024K, 4 young (4096K), 4 survivors (4096K)
 Metaspace       used 68951K, capacity 70873K, committed 71040K, reserved 1110016K
  class space    used 9028K, capacity 9837K, committed 9856K, reserved 1048576K
}
Event: 57.138 GC heap before
{Heap before GC invocations=30 (full 0):
 garbage-first heap   total 131072K, used 113292K [0x0000000081c00000, 0x0000000100000000)
  region size 1024K, 50 young (51200K), 4 survivors (4096K)
 Metaspace       used 73986K, capacity 76133K, committed 76288K, reserved 1116160K
  class space    used 9571K, capacity 10458K, committed 10496K, reserved 1048576K
}
Event: 57.158 GC heap after
{Heap after GC invocations=31 (full 0):
 garbage-first heap   total 131072K, used 67742K [0x0000000081c00000, 0x0000000100000000)
  region size 1024K, 5 young (5120K), 5 survivors (5120K)
 Metaspace       used 73986K, capacity 76133K, committed 76288K, reserved 1116160K
  class space    used 9571K, capacity 10458K, committed 10496K, reserved 1048576K
}

